Starting multicast on group: 224.1.1.1:5007
Beginning listening on echo socket
Send String: 00000000000000000000000000000001
Sent multicast packet 1 at: 	 Time: 1448140079886.497070 ms (32 bytes)
Echo P#: 1	Host: 169.228.66.148	 Time: 0.427008 ms


Send String: 00000000000000000000000000000002
Sent multicast packet 2 at: 	 Time: 1448140079987.236084 ms (32 bytes)
Echo P#: 2	Host: 169.228.66.148	 Time: 0.355005 ms


Send String: 00000000000000000000000000000003
Sent multicast packet 3 at: 	 Time: 1448140080087.834961 ms (32 bytes)
Echo P#: 3	Host: 169.228.66.148	 Time: 0.294924 ms


Send String: 00000000000000000000000000000004
Sent multicast packet 4 at: 	 Time: 1448140080188.450195 ms (32 bytes)
Echo P#: 4	Host: 169.228.66.148	 Time: 0.227928 ms


Send String: 00000000000000000000000000000005
Sent multicast packet 5 at: 	 Time: 1448140080288.894043 ms (32 bytes)
Echo P#: 5	Host: 169.228.66.148	 Time: 0.337124 ms


Send String: 00000000000000000000000000000006
Sent multicast packet 6 at: 	 Time: 1448140080389.362061 ms (32 bytes)
Echo P#: 6	Host: 169.228.66.148	 Time: 0.211000 ms


Send String: 00000000000000000000000000000007
Sent multicast packet 7 at: 	 Time: 1448140080489.791992 ms (32 bytes)
Echo P#: 7	Host: 169.228.66.148	 Time: 0.341892 ms


Send String: 00000000000000000000000000000008
Sent multicast packet 8 at: 	 Time: 1448140080590.218994 ms (32 bytes)
Echo P#: 8	Host: 169.228.66.148	 Time: 0.221014 ms


Send String: 00000000000000000000000000000009
Sent multicast packet 9 at: 	 Time: 1448140080690.740967 ms (32 bytes)
Echo P#: 9	Host: 169.228.66.148	 Time: 0.180960 ms


Send String: 00000000000000000000000000000010
Sent multicast packet 10 at: 	 Time: 1448140080791.199951 ms (32 bytes)
Echo P#: 10	Host: 169.228.66.148	 Time: 0.288010 ms


Send String: 00000000000000000000000000000011
Sent multicast packet 11 at: 	 Time: 1448140080891.817139 ms (32 bytes)
Echo P#: 11	Host: 169.228.66.148	 Time: 0.237942 ms


Send String: 00000000000000000000000000000012
Sent multicast packet 12 at: 	 Time: 1448140080992.325928 ms (32 bytes)
Echo P#: 12	Host: 169.228.66.148	 Time: 0.211000 ms


Send String: 00000000000000000000000000000013
Sent multicast packet 13 at: 	 Time: 1448140081092.784912 ms (32 bytes)
Echo P#: 13	Host: 169.228.66.148	 Time: 0.342131 ms


Send String: 00000000000000000000000000000014
Sent multicast packet 14 at: 	 Time: 1448140081193.305908 ms (32 bytes)
Echo P#: 14	Host: 169.228.66.148	 Time: 0.263929 ms


Send String: 00000000000000000000000000000015
Sent multicast packet 15 at: 	 Time: 1448140081293.894043 ms (32 bytes)
Echo P#: 15	Host: 169.228.66.148	 Time: 0.243902 ms


Send String: 00000000000000000000000000000016
Sent multicast packet 16 at: 	 Time: 1448140081394.376953 ms (32 bytes)
Echo P#: 16	Host: 169.228.66.148	 Time: 0.204086 ms


Send String: 00000000000000000000000000000017
Sent multicast packet 17 at: 	 Time: 1448140081494.823975 ms (32 bytes)
Echo P#: 17	Host: 169.228.66.148	 Time: 0.252008 ms


Send String: 00000000000000000000000000000018
Sent multicast packet 18 at: 	 Time: 1448140081595.326904 ms (32 bytes)
Echo P#: 18	Host: 169.228.66.148	 Time: 0.233173 ms


Send String: 00000000000000000000000000000019
Sent multicast packet 19 at: 	 Time: 1448140081695.876953 ms (32 bytes)
Echo P#: 19	Host: 169.228.66.148	 Time: 0.344992 ms


Send String: 00000000000000000000000000000020
Sent multicast packet 20 at: 	 Time: 1448140081796.454834 ms (32 bytes)
Echo P#: 20	Host: 169.228.66.148	 Time: 0.283003 ms


Send String: 00000000000000000000000000000021
Sent multicast packet 21 at: 	 Time: 1448140081897.023926 ms (32 bytes)
Echo P#: 21	Host: 169.228.66.148	 Time: 0.302076 ms


Send String: 00000000000000000000000000000022
Sent multicast packet 22 at: 	 Time: 1448140081997.600098 ms (32 bytes)
Echo P#: 22	Host: 169.228.66.148	 Time: 0.243902 ms


Send String: 00000000000000000000000000000023
Sent multicast packet 23 at: 	 Time: 1448140082098.128174 ms (32 bytes)
Echo P#: 23	Host: 169.228.66.148	 Time: 0.255823 ms


Send String: 00000000000000000000000000000024
Sent multicast packet 24 at: 	 Time: 1448140082198.693115 ms (32 bytes)
Echo P#: 24	Host: 169.228.66.148	 Time: 0.271082 ms


Send String: 00000000000000000000000000000025
Sent multicast packet 25 at: 	 Time: 1448140082299.243896 ms (32 bytes)
Echo P#: 25	Host: 169.228.66.148	 Time: 0.291109 ms


Send String: 00000000000000000000000000000026
Sent multicast packet 26 at: 	 Time: 1448140082399.743164 ms (32 bytes)
Echo P#: 26	Host: 169.228.66.148	 Time: 0.262976 ms


Send String: 00000000000000000000000000000027
Sent multicast packet 27 at: 	 Time: 1448140082500.239014 ms (32 bytes)
Echo P#: 27	Host: 169.228.66.148	 Time: 0.261068 ms


Send String: 00000000000000000000000000000028
Sent multicast packet 28 at: 	 Time: 1448140082600.733154 ms (32 bytes)
Echo P#: 28	Host: 169.228.66.148	 Time: 0.215054 ms


Send String: 00000000000000000000000000000029
Sent multicast packet 29 at: 	 Time: 1448140082701.248047 ms (32 bytes)
Echo P#: 29	Host: 169.228.66.148	 Time: 0.210047 ms


Send String: 00000000000000000000000000000030
Sent multicast packet 30 at: 	 Time: 1448140082801.722900 ms (32 bytes)
Echo P#: 30	Host: 169.228.66.148	 Time: 0.283003 ms


Send String: 00000000000000000000000000000031
Sent multicast packet 31 at: 	 Time: 1448140082902.229004 ms (32 bytes)
Echo P#: 31	Host: 169.228.66.148	 Time: 0.250816 ms


Send String: 00000000000000000000000000000032
Sent multicast packet 32 at: 	 Time: 1448140083002.739990 ms (32 bytes)
Echo P#: 32	Host: 169.228.66.148	 Time: 0.266075 ms


Send String: 00000000000000000000000000000033
Sent multicast packet 33 at: 	 Time: 1448140083103.276855 ms (32 bytes)
Echo P#: 33	Host: 169.228.66.148	 Time: 0.270128 ms


Send String: 00000000000000000000000000000034
Sent multicast packet 34 at: 	 Time: 1448140083203.767090 ms (32 bytes)
Echo P#: 34	Host: 169.228.66.148	 Time: 0.258923 ms


Send String: 00000000000000000000000000000035
Sent multicast packet 35 at: 	 Time: 1448140083304.346924 ms (32 bytes)
Echo P#: 35	Host: 169.228.66.148	 Time: 0.334024 ms


Send String: 00000000000000000000000000000036
Sent multicast packet 36 at: 	 Time: 1448140083404.851074 ms (32 bytes)
Echo P#: 36	Host: 169.228.66.148	 Time: 0.252962 ms


Send String: 00000000000000000000000000000037
Sent multicast packet 37 at: 	 Time: 1448140083505.389893 ms (32 bytes)
Echo P#: 37	Host: 169.228.66.148	 Time: 0.238180 ms


Send String: 00000000000000000000000000000038
Sent multicast packet 38 at: 	 Time: 1448140083605.859131 ms (32 bytes)
Echo P#: 38	Host: 169.228.66.148	 Time: 0.297070 ms


Send String: 00000000000000000000000000000039
Sent multicast packet 39 at: 	 Time: 1448140083706.344971 ms (32 bytes)
Echo P#: 39	Host: 169.228.66.148	 Time: 0.227928 ms


Send String: 00000000000000000000000000000040
Sent multicast packet 40 at: 	 Time: 1448140083806.814941 ms (32 bytes)
Echo P#: 40	Host: 169.228.66.148	 Time: 0.360012 ms


Send String: 00000000000000000000000000000041
Sent multicast packet 41 at: 	 Time: 1448140083907.485107 ms (32 bytes)
Echo P#: 41	Host: 169.228.66.148	 Time: 0.269890 ms


Send String: 00000000000000000000000000000042
Sent multicast packet 42 at: 	 Time: 1448140084007.953857 ms (32 bytes)
Echo P#: 42	Host: 169.228.66.148	 Time: 0.333071 ms


Send String: 00000000000000000000000000000043
Sent multicast packet 43 at: 	 Time: 1448140084108.392090 ms (32 bytes)
Echo P#: 43	Host: 169.228.66.148	 Time: 0.258923 ms


Send String: 00000000000000000000000000000044
Sent multicast packet 44 at: 	 Time: 1448140084208.936035 ms (32 bytes)
Echo P#: 44	Host: 169.228.66.148	 Time: 0.365973 ms


Send String: 00000000000000000000000000000045
Sent multicast packet 45 at: 	 Time: 1448140084309.549072 ms (32 bytes)
Echo P#: 45	Host: 169.228.66.148	 Time: 0.272989 ms


Send String: 00000000000000000000000000000046
Sent multicast packet 46 at: 	 Time: 1448140084410.078125 ms (32 bytes)
Echo P#: 46	Host: 169.228.66.148	 Time: 0.364065 ms


Send String: 00000000000000000000000000000047
Sent multicast packet 47 at: 	 Time: 1448140084510.706055 ms (32 bytes)
Echo P#: 47	Host: 169.228.66.148	 Time: 0.267982 ms


Send String: 00000000000000000000000000000048
Sent multicast packet 48 at: 	 Time: 1448140084611.299072 ms (32 bytes)
Echo P#: 48	Host: 169.228.66.148	 Time: 0.360012 ms


Send String: 00000000000000000000000000000049
Sent multicast packet 49 at: 	 Time: 1448140084711.957031 ms (32 bytes)
Echo P#: 49	Host: 169.228.66.148	 Time: 0.329018 ms


Send String: 00000000000000000000000000000050
Sent multicast packet 50 at: 	 Time: 1448140084812.563965 ms (32 bytes)
Echo P#: 50	Host: 169.228.66.148	 Time: 0.290155 ms


Send String: 00000000000000000000000000000051
Sent multicast packet 51 at: 	 Time: 1448140084913.120117 ms (32 bytes)
Echo P#: 51	Host: 169.228.66.148	 Time: 0.230074 ms


Send String: 00000000000000000000000000000052
Sent multicast packet 52 at: 	 Time: 1448140085013.576904 ms (32 bytes)
Echo P#: 52	Host: 169.228.66.148	 Time: 0.229120 ms


Send String: 00000000000000000000000000000053
Sent multicast packet 53 at: 	 Time: 1448140085114.139160 ms (32 bytes)
Echo P#: 53	Host: 169.228.66.148	 Time: 0.313997 ms


Send String: 00000000000000000000000000000054
Sent multicast packet 54 at: 	 Time: 1448140085214.708984 ms (32 bytes)
Echo P#: 54	Host: 169.228.66.148	 Time: 0.288963 ms


Send String: 00000000000000000000000000000055
Sent multicast packet 55 at: 	 Time: 1448140085315.190186 ms (32 bytes)
Echo P#: 55	Host: 169.228.66.148	 Time: 0.236988 ms


Send String: 00000000000000000000000000000056
Sent multicast packet 56 at: 	 Time: 1448140085415.712158 ms (32 bytes)
Echo P#: 56	Host: 169.228.66.148	 Time: 0.279903 ms


Send String: 00000000000000000000000000000057
Sent multicast packet 57 at: 	 Time: 1448140085516.272949 ms (32 bytes)
Echo P#: 57	Host: 169.228.66.148	 Time: 0.277042 ms


Send String: 00000000000000000000000000000058
Sent multicast packet 58 at: 	 Time: 1448140085616.893066 ms (32 bytes)
Echo P#: 58	Host: 169.228.66.148	 Time: 0.329971 ms


Send String: 00000000000000000000000000000059
Sent multicast packet 59 at: 	 Time: 1448140085717.503906 ms (32 bytes)
Echo P#: 59	Host: 169.228.66.148	 Time: 0.268936 ms


Send String: 00000000000000000000000000000060
Sent multicast packet 60 at: 	 Time: 1448140085818.003906 ms (32 bytes)
Echo P#: 60	Host: 169.228.66.148	 Time: 0.213146 ms


Send String: 00000000000000000000000000000061
Sent multicast packet 61 at: 	 Time: 1448140085918.432861 ms (32 bytes)
Echo P#: 61	Host: 169.228.66.148	 Time: 0.283957 ms


Send String: 00000000000000000000000000000062
Sent multicast packet 62 at: 	 Time: 1448140086018.965088 ms (32 bytes)
Echo P#: 62	Host: 169.228.66.148	 Time: 0.246048 ms


Send String: 00000000000000000000000000000063
Sent multicast packet 63 at: 	 Time: 1448140086119.471924 ms (32 bytes)
Echo P#: 63	Host: 169.228.66.148	 Time: 0.258923 ms


Send String: 00000000000000000000000000000064
Sent multicast packet 64 at: 	 Time: 1448140086219.945068 ms (32 bytes)
Echo P#: 64	Host: 169.228.66.148	 Time: 0.313044 ms


Send String: 00000000000000000000000000000065
Sent multicast packet 65 at: 	 Time: 1448140086320.348877 ms (32 bytes)
Echo P#: 65	Host: 169.228.66.148	 Time: 0.276089 ms


Send String: 00000000000000000000000000000066
Sent multicast packet 66 at: 	 Time: 1448140086420.864990 ms (32 bytes)
Echo P#: 66	Host: 169.228.66.148	 Time: 0.304937 ms


Send String: 00000000000000000000000000000067
Sent multicast packet 67 at: 	 Time: 1448140086521.357910 ms (32 bytes)
Echo P#: 67	Host: 169.228.66.148	 Time: 0.256062 ms


Send String: 00000000000000000000000000000068
Sent multicast packet 68 at: 	 Time: 1448140086621.869141 ms (32 bytes)
Echo P#: 68	Host: 169.228.66.148	 Time: 0.275850 ms


Send String: 00000000000000000000000000000069
Sent multicast packet 69 at: 	 Time: 1448140086722.310059 ms (32 bytes)
Echo P#: 69	Host: 169.228.66.148	 Time: 0.279903 ms


Send String: 00000000000000000000000000000070
Sent multicast packet 70 at: 	 Time: 1448140086822.830811 ms (32 bytes)
Echo P#: 70	Host: 169.228.66.148	 Time: 0.307083 ms


Send String: 00000000000000000000000000000071
Sent multicast packet 71 at: 	 Time: 1448140086923.344971 ms (32 bytes)
Echo P#: 71	Host: 169.228.66.148	 Time: 0.229836 ms


Send String: 00000000000000000000000000000072
Sent multicast packet 72 at: 	 Time: 1448140087023.855957 ms (32 bytes)
Echo P#: 72	Host: 169.228.66.148	 Time: 0.291109 ms


Send String: 00000000000000000000000000000073
Sent multicast packet 73 at: 	 Time: 1448140087124.349121 ms (32 bytes)
Echo P#: 73	Host: 169.228.66.148	 Time: 0.348806 ms


Send String: 00000000000000000000000000000074
Sent multicast packet 74 at: 	 Time: 1448140087224.953857 ms (32 bytes)
Echo P#: 74	Host: 169.228.66.148	 Time: 0.281096 ms


Send String: 00000000000000000000000000000075
Sent multicast packet 75 at: 	 Time: 1448140087325.512939 ms (32 bytes)
Echo P#: 75	Host: 169.228.66.148	 Time: 0.225067 ms


Send String: 00000000000000000000000000000076
Sent multicast packet 76 at: 	 Time: 1448140087425.989990 ms (32 bytes)
Echo P#: 76	Host: 169.228.66.148	 Time: 0.211000 ms


Send String: 00000000000000000000000000000077
Sent multicast packet 77 at: 	 Time: 1448140087526.453857 ms (32 bytes)
Echo P#: 77	Host: 169.228.66.148	 Time: 0.214100 ms


Send String: 00000000000000000000000000000078
Sent multicast packet 78 at: 	 Time: 1448140087626.961914 ms (32 bytes)
Echo P#: 78	Host: 169.228.66.148	 Time: 0.290155 ms


Send String: 00000000000000000000000000000079
Sent multicast packet 79 at: 	 Time: 1448140087727.448975 ms (32 bytes)
Echo P#: 79	Host: 169.228.66.148	 Time: 0.251055 ms


Send String: 00000000000000000000000000000080
Sent multicast packet 80 at: 	 Time: 1448140087827.933105 ms (32 bytes)
Echo P#: 80	Host: 169.228.66.148	 Time: 0.247955 ms


Send String: 00000000000000000000000000000081
Sent multicast packet 81 at: 	 Time: 1448140087928.401855 ms (32 bytes)
Echo P#: 81	Host: 169.228.66.148	 Time: 0.216007 ms


Send String: 00000000000000000000000000000082
Sent multicast packet 82 at: 	 Time: 1448140088028.879883 ms (32 bytes)
Echo P#: 82	Host: 169.228.66.148	 Time: 0.304222 ms


Send String: 00000000000000000000000000000083
Sent multicast packet 83 at: 	 Time: 1448140088129.404053 ms (32 bytes)
Echo P#: 83	Host: 169.228.66.148	 Time: 0.263929 ms


Send String: 00000000000000000000000000000084
Sent multicast packet 84 at: 	 Time: 1448140088229.954102 ms (32 bytes)
Echo P#: 84	Host: 169.228.66.148	 Time: 0.335932 ms


Send String: 00000000000000000000000000000085
Sent multicast packet 85 at: 	 Time: 1448140088330.512939 ms (32 bytes)
Echo P#: 85	Host: 169.228.66.148	 Time: 0.243902 ms


Send String: 00000000000000000000000000000086
Sent multicast packet 86 at: 	 Time: 1448140088431.020996 ms (32 bytes)
Echo P#: 86	Host: 169.228.66.148	 Time: 0.345945 ms


Send String: 00000000000000000000000000000087
Sent multicast packet 87 at: 	 Time: 1448140088531.672119 ms (32 bytes)
Echo P#: 87	Host: 169.228.66.148	 Time: 0.310898 ms


Send String: 00000000000000000000000000000088
Sent multicast packet 88 at: 	 Time: 1448140088632.195068 ms (32 bytes)
Echo P#: 88	Host: 169.228.66.148	 Time: 0.308037 ms


Send String: 00000000000000000000000000000089
Sent multicast packet 89 at: 	 Time: 1448140088732.713867 ms (32 bytes)
Echo P#: 89	Host: 169.228.66.148	 Time: 0.271082 ms


Send String: 00000000000000000000000000000090
Sent multicast packet 90 at: 	 Time: 1448140088833.104004 ms (32 bytes)
Echo P#: 90	Host: 169.228.66.148	 Time: 0.238180 ms


Send String: 00000000000000000000000000000091
Sent multicast packet 91 at: 	 Time: 1448140088933.584961 ms (32 bytes)
Echo P#: 91	Host: 169.228.66.148	 Time: 0.267982 ms


Send String: 00000000000000000000000000000092
Sent multicast packet 92 at: 	 Time: 1448140089034.079102 ms (32 bytes)
Echo P#: 92	Host: 169.228.66.148	 Time: 0.299931 ms


Send String: 00000000000000000000000000000093
Sent multicast packet 93 at: 	 Time: 1448140089134.471924 ms (32 bytes)
Echo P#: 93	Host: 169.228.66.148	 Time: 0.233173 ms


Send String: 00000000000000000000000000000094
Sent multicast packet 94 at: 	 Time: 1448140089234.940918 ms (32 bytes)
Echo P#: 94	Host: 169.228.66.148	 Time: 0.299931 ms


Send String: 00000000000000000000000000000095
Sent multicast packet 95 at: 	 Time: 1448140089335.454102 ms (32 bytes)
Echo P#: 95	Host: 169.228.66.148	 Time: 0.229120 ms


Send String: 00000000000000000000000000000096
Sent multicast packet 96 at: 	 Time: 1448140089436.034912 ms (32 bytes)
Echo P#: 96	Host: 169.228.66.148	 Time: 0.297070 ms


Send String: 00000000000000000000000000000097
Sent multicast packet 97 at: 	 Time: 1448140089536.569092 ms (32 bytes)
Echo P#: 97	Host: 169.228.66.148	 Time: 0.230789 ms


Send String: 00000000000000000000000000000098
Sent multicast packet 98 at: 	 Time: 1448140089637.052979 ms (32 bytes)
Echo P#: 98	Host: 169.228.66.148	 Time: 0.250101 ms


Send String: 00000000000000000000000000000099
Sent multicast packet 99 at: 	 Time: 1448140089737.567871 ms (32 bytes)
Echo P#: 99	Host: 169.228.66.148	 Time: 0.236034 ms


Send String: 00000000000000000000000000000100
Sent multicast packet 100 at: 	 Time: 1448140089838.105957 ms (32 bytes)
Echo P#: 100	Host: 169.228.66.148	 Time: 0.244141 ms


Send String: 00000000000000000000000000000101
Sent multicast packet 101 at: 	 Time: 1448140089938.593018 ms (32 bytes)
Echo P#: 101	Host: 169.228.66.148	 Time: 0.254154 ms


Send String: 00000000000000000000000000000102
Sent multicast packet 102 at: 	 Time: 1448140090039.118164 ms (32 bytes)
Echo P#: 102	Host: 169.228.66.148	 Time: 0.248909 ms


Send String: 00000000000000000000000000000103
Sent multicast packet 103 at: 	 Time: 1448140090139.572998 ms (32 bytes)
Echo P#: 103	Host: 169.228.66.148	 Time: 0.241995 ms


Send String: 00000000000000000000000000000104
Sent multicast packet 104 at: 	 Time: 1448140090240.093994 ms (32 bytes)
Echo P#: 104	Host: 169.228.66.148	 Time: 0.247955 ms


Send String: 00000000000000000000000000000105
Sent multicast packet 105 at: 	 Time: 1448140090340.601074 ms (32 bytes)
Echo P#: 105	Host: 169.228.66.148	 Time: 0.246048 ms


Send String: 00000000000000000000000000000106
Sent multicast packet 106 at: 	 Time: 1448140090441.143066 ms (32 bytes)
Echo P#: 106	Host: 169.228.66.148	 Time: 0.230074 ms


Send String: 00000000000000000000000000000107
Sent multicast packet 107 at: 	 Time: 1448140090541.709961 ms (32 bytes)
Echo P#: 107	Host: 169.228.66.148	 Time: 0.222206 ms


Send String: 00000000000000000000000000000108
Sent multicast packet 108 at: 	 Time: 1448140090642.180908 ms (32 bytes)
Echo P#: 108	Host: 169.228.66.148	 Time: 0.236988 ms


Send String: 00000000000000000000000000000109
Sent multicast packet 109 at: 	 Time: 1448140090742.680176 ms (32 bytes)
Echo P#: 109	Host: 169.228.66.148	 Time: 0.253916 ms


Send String: 00000000000000000000000000000110
Sent multicast packet 110 at: 	 Time: 1448140090843.208984 ms (32 bytes)
Echo P#: 110	Host: 169.228.66.148	 Time: 0.312090 ms


Send String: 00000000000000000000000000000111
Sent multicast packet 111 at: 	 Time: 1448140090943.680908 ms (32 bytes)
Echo P#: 111	Host: 169.228.66.148	 Time: 0.267029 ms


Send String: 00000000000000000000000000000112
Sent multicast packet 112 at: 	 Time: 1448140091044.189941 ms (32 bytes)
Echo P#: 112	Host: 169.228.66.148	 Time: 0.247955 ms


Send String: 00000000000000000000000000000113
Sent multicast packet 113 at: 	 Time: 1448140091144.682861 ms (32 bytes)
Echo P#: 113	Host: 169.228.66.148	 Time: 0.307083 ms


Send String: 00000000000000000000000000000114
Sent multicast packet 114 at: 	 Time: 1448140091245.281982 ms (32 bytes)
Echo P#: 114	Host: 169.228.66.148	 Time: 0.250101 ms


Send String: 00000000000000000000000000000115
Sent multicast packet 115 at: 	 Time: 1448140091345.791016 ms (32 bytes)
Echo P#: 115	Host: 169.228.66.148	 Time: 0.249863 ms


Send String: 00000000000000000000000000000116
Sent multicast packet 116 at: 	 Time: 1448140091446.275879 ms (32 bytes)
Echo P#: 116	Host: 169.228.66.148	 Time: 0.329971 ms


Send String: 00000000000000000000000000000117
Sent multicast packet 117 at: 	 Time: 1448140091546.794922 ms (32 bytes)
Echo P#: 117	Host: 169.228.66.148	 Time: 0.245094 ms


Send String: 00000000000000000000000000000118
Sent multicast packet 118 at: 	 Time: 1448140091647.273926 ms (32 bytes)
Echo P#: 118	Host: 169.228.66.148	 Time: 0.292063 ms


Send String: 00000000000000000000000000000119
Sent multicast packet 119 at: 	 Time: 1448140091747.800049 ms (32 bytes)
Echo P#: 119	Host: 169.228.66.148	 Time: 0.367880 ms


Send String: 00000000000000000000000000000120
Sent multicast packet 120 at: 	 Time: 1448140091848.354980 ms (32 bytes)
Echo P#: 120	Host: 169.228.66.148	 Time: 0.309944 ms


Send String: 00000000000000000000000000000121
Sent multicast packet 121 at: 	 Time: 1448140091948.817871 ms (32 bytes)
Echo P#: 121	Host: 169.228.66.148	 Time: 0.289917 ms


Send String: 00000000000000000000000000000122
Sent multicast packet 122 at: 	 Time: 1448140092049.413818 ms (32 bytes)
Echo P#: 122	Host: 169.228.66.148	 Time: 0.245094 ms


Send String: 00000000000000000000000000000123
Sent multicast packet 123 at: 	 Time: 1448140092149.904053 ms (32 bytes)
Echo P#: 123	Host: 169.228.66.148	 Time: 0.259876 ms


Send String: 00000000000000000000000000000124
Sent multicast packet 124 at: 	 Time: 1448140092250.365967 ms (32 bytes)
Echo P#: 124	Host: 169.228.66.148	 Time: 0.263929 ms


Send String: 00000000000000000000000000000125
Sent multicast packet 125 at: 	 Time: 1448140092350.899902 ms (32 bytes)
Echo P#: 125	Host: 169.228.66.148	 Time: 0.250101 ms


Send String: 00000000000000000000000000000126
Sent multicast packet 126 at: 	 Time: 1448140092451.399170 ms (32 bytes)
Echo P#: 126	Host: 169.228.66.148	 Time: 0.253916 ms


Send String: 00000000000000000000000000000127
Sent multicast packet 127 at: 	 Time: 1448140092551.927979 ms (32 bytes)
Echo P#: 127	Host: 169.228.66.148	 Time: 0.247955 ms


Send String: 00000000000000000000000000000128
Sent multicast packet 128 at: 	 Time: 1448140092652.424072 ms (32 bytes)
Echo P#: 128	Host: 169.228.66.148	 Time: 0.234842 ms


Send String: 00000000000000000000000000000129
Sent multicast packet 129 at: 	 Time: 1448140092752.907959 ms (32 bytes)
Echo P#: 129	Host: 169.228.66.148	 Time: 0.237942 ms


Send String: 00000000000000000000000000000130
Sent multicast packet 130 at: 	 Time: 1448140092853.497070 ms (32 bytes)
Echo P#: 130	Host: 169.228.66.148	 Time: 0.241041 ms


Send String: 00000000000000000000000000000131
Sent multicast packet 131 at: 	 Time: 1448140092953.926025 ms (32 bytes)
Echo P#: 131	Host: 169.228.66.148	 Time: 0.274897 ms


Send String: 00000000000000000000000000000132
Sent multicast packet 132 at: 	 Time: 1448140093054.385986 ms (32 bytes)
Echo P#: 132	Host: 169.228.66.148	 Time: 0.263214 ms


Send String: 00000000000000000000000000000133
Sent multicast packet 133 at: 	 Time: 1448140093154.993896 ms (32 bytes)
Echo P#: 133	Host: 169.228.66.148	 Time: 0.228882 ms


Send String: 00000000000000000000000000000134
Sent multicast packet 134 at: 	 Time: 1448140093255.505127 ms (32 bytes)
Echo P#: 134	Host: 169.228.66.148	 Time: 0.242949 ms


Send String: 00000000000000000000000000000135
Sent multicast packet 135 at: 	 Time: 1448140093355.972168 ms (32 bytes)
Echo P#: 135	Host: 169.228.66.148	 Time: 0.231028 ms


Send String: 00000000000000000000000000000136
Sent multicast packet 136 at: 	 Time: 1448140093456.401123 ms (32 bytes)
Echo P#: 136	Host: 169.228.66.148	 Time: 0.279903 ms


Send String: 00000000000000000000000000000137
Sent multicast packet 137 at: 	 Time: 1448140093556.884033 ms (32 bytes)
Echo P#: 137	Host: 169.228.66.148	 Time: 0.262976 ms


Send String: 00000000000000000000000000000138
Sent multicast packet 138 at: 	 Time: 1448140093657.395996 ms (32 bytes)
Echo P#: 138	Host: 169.228.66.148	 Time: 0.247002 ms


Send String: 00000000000000000000000000000139
Sent multicast packet 139 at: 	 Time: 1448140093757.879883 ms (32 bytes)
Echo P#: 139	Host: 169.228.66.148	 Time: 0.265121 ms


Send String: 00000000000000000000000000000140
Sent multicast packet 140 at: 	 Time: 1448140093858.381104 ms (32 bytes)
Echo P#: 140	Host: 169.228.66.148	 Time: 0.244856 ms


Send String: 00000000000000000000000000000141
Sent multicast packet 141 at: 	 Time: 1448140093958.854004 ms (32 bytes)
Echo P#: 141	Host: 169.228.66.148	 Time: 0.237942 ms


Send String: 00000000000000000000000000000142
Sent multicast packet 142 at: 	 Time: 1448140094059.329102 ms (32 bytes)
Echo P#: 142	Host: 169.228.66.148	 Time: 0.230074 ms


Send String: 00000000000000000000000000000143
Sent multicast packet 143 at: 	 Time: 1448140094159.874023 ms (32 bytes)
Echo P#: 143	Host: 169.228.66.148	 Time: 0.254154 ms


Send String: 00000000000000000000000000000144
Sent multicast packet 144 at: 	 Time: 1448140094260.365967 ms (32 bytes)
Echo P#: 144	Host: 169.228.66.148	 Time: 0.268936 ms


Send String: 00000000000000000000000000000145
Sent multicast packet 145 at: 	 Time: 1448140094360.885986 ms (32 bytes)
Echo P#: 145	Host: 169.228.66.148	 Time: 0.293970 ms


Send String: 00000000000000000000000000000146
Sent multicast packet 146 at: 	 Time: 1448140094461.424072 ms (32 bytes)
Echo P#: 146	Host: 169.228.66.148	 Time: 0.222921 ms


Send String: 00000000000000000000000000000147
Sent multicast packet 147 at: 	 Time: 1448140094561.898926 ms (32 bytes)
Echo P#: 147	Host: 169.228.66.148	 Time: 0.272036 ms


Send String: 00000000000000000000000000000148
Sent multicast packet 148 at: 	 Time: 1448140094662.411865 ms (32 bytes)
Echo P#: 148	Host: 169.228.66.148	 Time: 0.243187 ms


Send String: 00000000000000000000000000000149
Sent multicast packet 149 at: 	 Time: 1448140094762.895020 ms (32 bytes)
Echo P#: 149	Host: 169.228.66.148	 Time: 0.242949 ms


Send String: 00000000000000000000000000000150
Sent multicast packet 150 at: 	 Time: 1448140094863.375000 ms (32 bytes)
Echo P#: 150	Host: 169.228.66.148	 Time: 0.234127 ms


Send String: 00000000000000000000000000000151
Sent multicast packet 151 at: 	 Time: 1448140094963.927002 ms (32 bytes)
Echo P#: 151	Host: 169.228.66.148	 Time: 0.355005 ms


Send String: 00000000000000000000000000000152
Sent multicast packet 152 at: 	 Time: 1448140095064.497070 ms (32 bytes)
Echo P#: 152	Host: 169.228.66.148	 Time: 0.288963 ms


Send String: 00000000000000000000000000000153
Sent multicast packet 153 at: 	 Time: 1448140095164.966064 ms (32 bytes)
Echo P#: 153	Host: 169.228.66.148	 Time: 0.278950 ms


Send String: 00000000000000000000000000000154
Sent multicast packet 154 at: 	 Time: 1448140095265.474121 ms (32 bytes)
Echo P#: 154	Host: 169.228.66.148	 Time: 0.252008 ms


Send String: 00000000000000000000000000000155
Sent multicast packet 155 at: 	 Time: 1448140095365.974854 ms (32 bytes)
Echo P#: 155	Host: 169.228.66.148	 Time: 0.235081 ms


Send String: 00000000000000000000000000000156
Sent multicast packet 156 at: 	 Time: 1448140095466.454102 ms (32 bytes)
Echo P#: 156	Host: 169.228.66.148	 Time: 0.228882 ms


Send String: 00000000000000000000000000000157
Sent multicast packet 157 at: 	 Time: 1448140095566.952881 ms (32 bytes)
Echo P#: 157	Host: 169.228.66.148	 Time: 0.221014 ms


Send String: 00000000000000000000000000000158
Sent multicast packet 158 at: 	 Time: 1448140095667.414795 ms (32 bytes)
Echo P#: 158	Host: 169.228.66.148	 Time: 0.231028 ms


Send String: 00000000000000000000000000000159
Sent multicast packet 159 at: 	 Time: 1448140095767.887207 ms (32 bytes)
Echo P#: 159	Host: 169.228.66.148	 Time: 0.252962 ms


Send String: 00000000000000000000000000000160
Sent multicast packet 160 at: 	 Time: 1448140095868.367920 ms (32 bytes)
Echo P#: 160	Host: 169.228.66.148	 Time: 0.266075 ms


Send String: 00000000000000000000000000000161
Sent multicast packet 161 at: 	 Time: 1448140095968.887207 ms (32 bytes)
Echo P#: 161	Host: 169.228.66.148	 Time: 0.206947 ms


Send String: 00000000000000000000000000000162
Sent multicast packet 162 at: 	 Time: 1448140096069.403809 ms (32 bytes)
Echo P#: 162	Host: 169.228.66.148	 Time: 0.246048 ms


Send String: 00000000000000000000000000000163
Sent multicast packet 163 at: 	 Time: 1448140096169.886963 ms (32 bytes)
Echo P#: 163	Host: 169.228.66.148	 Time: 0.324965 ms


Send String: 00000000000000000000000000000164
Sent multicast packet 164 at: 	 Time: 1448140096270.433838 ms (32 bytes)
Echo P#: 164	Host: 169.228.66.148	 Time: 0.313044 ms


Send String: 00000000000000000000000000000165
Sent multicast packet 165 at: 	 Time: 1448140096370.991943 ms (32 bytes)
Echo P#: 165	Host: 169.228.66.148	 Time: 0.262022 ms


Send String: 00000000000000000000000000000166
Sent multicast packet 166 at: 	 Time: 1448140096471.514893 ms (32 bytes)
Echo P#: 166	Host: 169.228.66.148	 Time: 0.307083 ms


Send String: 00000000000000000000000000000167
Sent multicast packet 167 at: 	 Time: 1448140096572.031982 ms (32 bytes)
Echo P#: 167	Host: 169.228.66.148	 Time: 0.272989 ms


Send String: 00000000000000000000000000000168
Sent multicast packet 168 at: 	 Time: 1448140096672.560059 ms (32 bytes)
Echo P#: 168	Host: 169.228.66.148	 Time: 0.235081 ms


Send String: 00000000000000000000000000000169
Sent multicast packet 169 at: 	 Time: 1448140096773.000977 ms (32 bytes)
Echo P#: 169	Host: 169.228.66.148	 Time: 0.252962 ms


Send String: 00000000000000000000000000000170
Sent multicast packet 170 at: 	 Time: 1448140096873.536133 ms (32 bytes)
Echo P#: 170	Host: 169.228.66.148	 Time: 0.207901 ms


Send String: 00000000000000000000000000000171
Sent multicast packet 171 at: 	 Time: 1448140096973.982178 ms (32 bytes)
Echo P#: 171	Host: 169.228.66.148	 Time: 0.252962 ms


Send String: 00000000000000000000000000000172
Sent multicast packet 172 at: 	 Time: 1448140097074.513916 ms (32 bytes)
Echo P#: 172	Host: 169.228.66.148	 Time: 0.253201 ms


Send String: 00000000000000000000000000000173
Sent multicast packet 173 at: 	 Time: 1448140097174.994873 ms (32 bytes)
Echo P#: 173	Host: 169.228.66.148	 Time: 0.277996 ms


Send String: 00000000000000000000000000000174
Sent multicast packet 174 at: 	 Time: 1448140097275.559814 ms (32 bytes)
Echo P#: 174	Host: 169.228.66.148	 Time: 0.211000 ms


Send String: 00000000000000000000000000000175
Sent multicast packet 175 at: 	 Time: 1448140097376.007080 ms (32 bytes)
Echo P#: 175	Host: 169.228.66.148	 Time: 0.241995 ms


Send String: 00000000000000000000000000000176
Sent multicast packet 176 at: 	 Time: 1448140097476.527832 ms (32 bytes)
Echo P#: 176	Host: 169.228.66.148	 Time: 0.251055 ms


Send String: 00000000000000000000000000000177
Sent multicast packet 177 at: 	 Time: 1448140097576.999023 ms (32 bytes)
Echo P#: 177	Host: 169.228.66.148	 Time: 0.285149 ms


Send String: 00000000000000000000000000000178
Sent multicast packet 178 at: 	 Time: 1448140097677.526855 ms (32 bytes)
Echo P#: 178	Host: 169.228.66.148	 Time: 0.214100 ms


Send String: 00000000000000000000000000000179
Sent multicast packet 179 at: 	 Time: 1448140097777.960938 ms (32 bytes)
Echo P#: 179	Host: 169.228.66.148	 Time: 0.201941 ms


Send String: 00000000000000000000000000000180
Sent multicast packet 180 at: 	 Time: 1448140097878.468994 ms (32 bytes)
Echo P#: 180	Host: 169.228.66.148	 Time: 0.231028 ms


Send String: 00000000000000000000000000000181
Sent multicast packet 181 at: 	 Time: 1448140097978.950928 ms (32 bytes)
Echo P#: 181	Host: 169.228.66.148	 Time: 0.221968 ms


Send String: 00000000000000000000000000000182
Sent multicast packet 182 at: 	 Time: 1448140098079.395020 ms (32 bytes)
Echo P#: 182	Host: 169.228.66.148	 Time: 0.216007 ms


Send String: 00000000000000000000000000000183
Sent multicast packet 183 at: 	 Time: 1448140098179.897949 ms (32 bytes)
Echo P#: 183	Host: 169.228.66.148	 Time: 0.238895 ms


Send String: 00000000000000000000000000000184
Sent multicast packet 184 at: 	 Time: 1448140098280.440186 ms (32 bytes)
Echo P#: 184	Host: 169.228.66.148	 Time: 0.238895 ms


Send String: 00000000000000000000000000000185
Sent multicast packet 185 at: 	 Time: 1448140098380.913086 ms (32 bytes)
Echo P#: 185	Host: 169.228.66.148	 Time: 0.252008 ms


Send String: 00000000000000000000000000000186
Sent multicast packet 186 at: 	 Time: 1448140098481.440918 ms (32 bytes)
Echo P#: 186	Host: 169.228.66.148	 Time: 0.277996 ms


Send String: 00000000000000000000000000000187
Sent multicast packet 187 at: 	 Time: 1448140098581.955811 ms (32 bytes)
Echo P#: 187	Host: 169.228.66.148	 Time: 0.252008 ms


Send String: 00000000000000000000000000000188
Sent multicast packet 188 at: 	 Time: 1448140098682.425049 ms (32 bytes)
Echo P#: 188	Host: 169.228.66.148	 Time: 0.258923 ms


Send String: 00000000000000000000000000000189
Sent multicast packet 189 at: 	 Time: 1448140098783.008057 ms (32 bytes)
Echo P#: 189	Host: 169.228.66.148	 Time: 0.268936 ms


Send String: 00000000000000000000000000000190
Sent multicast packet 190 at: 	 Time: 1448140098883.656006 ms (32 bytes)
Send String: 00000000000000000000000000000191
Sent multicast packet 191 at: 	 Time: 1448140098984.074219 ms (32 bytes)
Send String: 00000000000000000000000000000192
Sent multicast packet 192 at: 	 Time: 1448140099084.527100 ms (32 bytes)
Send String: 00000000000000000000000000000193
Sent multicast packet 193 at: 	 Time: 1448140099185.007080 ms (32 bytes)
Send String: 00000000000000000000000000000194
Sent multicast packet 194 at: 	 Time: 1448140099285.522949 ms (32 bytes)
Send String: 00000000000000000000000000000195
Sent multicast packet 195 at: 	 Time: 1448140099385.924072 ms (32 bytes)
Send String: 00000000000000000000000000000196
Sent multicast packet 196 at: 	 Time: 1448140099486.377930 ms (32 bytes)
Send String: 00000000000000000000000000000197
Sent multicast packet 197 at: 	 Time: 1448140099586.836182 ms (32 bytes)
Send String: 00000000000000000000000000000198
Sent multicast packet 198 at: 	 Time: 1448140099687.367920 ms (32 bytes)
Send String: 00000000000000000000000000000199
Sent multicast packet 199 at: 	 Time: 1448140099787.836914 ms (32 bytes)
Send String: 00000000000000000000000000000200
Sent multicast packet 200 at: 	 Time: 1448140099888.263916 ms (32 bytes)
Send String: 00000000000000000000000000000201
Sent multicast packet 201 at: 	 Time: 1448140099988.683838 ms (32 bytes)
Send String: 00000000000000000000000000000202
Sent multicast packet 202 at: 	 Time: 1448140100089.128906 ms (32 bytes)
Send String: 00000000000000000000000000000203
Sent multicast packet 203 at: 	 Time: 1448140100189.575928 ms (32 bytes)
Send String: 00000000000000000000000000000204
Sent multicast packet 204 at: 	 Time: 1448140100290.039062 ms (32 bytes)
Send String: 00000000000000000000000000000205
Sent multicast packet 205 at: 	 Time: 1448140100390.542969 ms (32 bytes)
Send String: 00000000000000000000000000000206
Sent multicast packet 206 at: 	 Time: 1448140100491.005859 ms (32 bytes)
Send String: 00000000000000000000000000000207
Sent multicast packet 207 at: 	 Time: 1448140100591.402100 ms (32 bytes)
Send String: 00000000000000000000000000000208
Sent multicast packet 208 at: 	 Time: 1448140100691.827148 ms (32 bytes)
Send String: 00000000000000000000000000000209
Sent multicast packet 209 at: 	 Time: 1448140100792.312012 ms (32 bytes)
Send String: 00000000000000000000000000000210
Sent multicast packet 210 at: 	 Time: 1448140100892.750000 ms (32 bytes)
Send String: 00000000000000000000000000000211
Sent multicast packet 211 at: 	 Time: 1448140100993.189209 ms (32 bytes)
Send String: 00000000000000000000000000000212
Sent multicast packet 212 at: 	 Time: 1448140101093.660156 ms (32 bytes)
Send String: 00000000000000000000000000000213
Sent multicast packet 213 at: 	 Time: 1448140101194.108887 ms (32 bytes)
Send String: 00000000000000000000000000000214
Sent multicast packet 214 at: 	 Time: 1448140101294.569092 ms (32 bytes)
Send String: 00000000000000000000000000000215
Sent multicast packet 215 at: 	 Time: 1448140101395.046875 ms (32 bytes)
Send String: 00000000000000000000000000000216
Sent multicast packet 216 at: 	 Time: 1448140101495.470947 ms (32 bytes)
Send String: 00000000000000000000000000000217
Sent multicast packet 217 at: 	 Time: 1448140101595.905029 ms (32 bytes)
Send String: 00000000000000000000000000000218
Sent multicast packet 218 at: 	 Time: 1448140101696.336914 ms (32 bytes)
Send String: 00000000000000000000000000000219
Sent multicast packet 219 at: 	 Time: 1448140101796.746094 ms (32 bytes)
Send String: 00000000000000000000000000000220
Sent multicast packet 220 at: 	 Time: 1448140101897.201904 ms (32 bytes)
Send String: 00000000000000000000000000000221
Sent multicast packet 221 at: 	 Time: 1448140101997.633057 ms (32 bytes)
Send String: 00000000000000000000000000000222
Sent multicast packet 222 at: 	 Time: 1448140102098.105957 ms (32 bytes)
Send String: 00000000000000000000000000000223
Sent multicast packet 223 at: 	 Time: 1448140102198.559082 ms (32 bytes)
Send String: 00000000000000000000000000000224
Sent multicast packet 224 at: 	 Time: 1448140102298.975830 ms (32 bytes)
Send String: 00000000000000000000000000000225
Sent multicast packet 225 at: 	 Time: 1448140102399.413086 ms (32 bytes)
Send String: 00000000000000000000000000000226
Sent multicast packet 226 at: 	 Time: 1448140102499.838135 ms (32 bytes)
Send String: 00000000000000000000000000000227
Sent multicast packet 227 at: 	 Time: 1448140102600.392090 ms (32 bytes)
